<?xml version="1.0" encoding="UTF-8"?>
<!-- Generated by org.testng.reporters.JUnitReportReporter -->
<testsuite hostname="TYSS-Ayesha" failures="0" tests="4" name="TestScripts.verifyuserabletoReg" time="34.170" errors="0" timestamp="2024-01-24T10:18:01 IST" skipped="0">
  <testcase classname="TestScripts.verifyuserabletoReg" name="Registertestcase" time="7.727"/>
  <system-out>
    <![CDATA[demo web shop  page is displayed]]>
  </system-out>
  <testcase classname="TestScripts.verifyuserabletoReg" name="Registertestcase" time="8.793"/>
  <system-out>
    <![CDATA[demo web shop  page is displayed]]>
  </system-out>
  <testcase classname="TestScripts.verifyuserabletoReg" name="Registertestcase" time="8.035"/>
  <system-out>
    <![CDATA[demo web shop  page is displayed]]>
  </system-out>
  <testcase classname="TestScripts.verifyuserabletoReg" name="Registertestcase" time="9.615"/>
  <system-out>
    <![CDATA[demo web shop  page is displayed]]>
  </system-out>
</testsuite> <!-- TestScripts.verifyuserabletoReg -->
