<?xml version="1.0" encoding="UTF-8"?>
<!-- Generated by org.testng.reporters.JUnitReportReporter -->
<testsuite hostname="TYSS-Ayesha" failures="0" tests="4" name="TestScripts.verifyuserabletoRegTest" time="23.314" errors="0" timestamp="2024-01-24T11:50:47 IST" skipped="0">
  <testcase classname="TestScripts.verifyuserabletoRegTest" name="Registertestcase" time="4.873"/>
  <system-out>
    <![CDATA[demo web shop  page is displayed]]>
  </system-out>
  <testcase classname="TestScripts.verifyuserabletoRegTest" name="Registertestcase" time="6.177"/>
  <system-out>
    <![CDATA[demo web shop  page is displayed]]>
  </system-out>
  <testcase classname="TestScripts.verifyuserabletoRegTest" name="Registertestcase" time="4.999"/>
  <system-out>
    <![CDATA[demo web shop  page is displayed]]>
  </system-out>
  <testcase classname="TestScripts.verifyuserabletoRegTest" name="Registertestcase" time="7.265"/>
  <system-out>
    <![CDATA[demo web shop  page is displayed]]>
  </system-out>
</testsuite> <!-- TestScripts.verifyuserabletoRegTest -->
